d:\динамические структуры\course_work_pdsd\course_work_pdsd\x64\debug\vc143.pdb
d:\динамические структуры\course_work_pdsd\course_work_pdsd\x64\debug\vc143.idb
d:\динамические структуры\course_work_pdsd\course_work_pdsd\x64\debug\unordered_multiset.obj
d:\динамические структуры\course_work_pdsd\course_work_pdsd\x64\debug\structure_list.obj
d:\динамические структуры\course_work_pdsd\course_work_pdsd\x64\debug\set.obj
d:\динамические структуры\course_work_pdsd\course_work_pdsd\x64\debug\list.obj
d:\динамические структуры\course_work_pdsd\course_work_pdsd\x64\debug\course_work_pdsd.obj
d:\динамические структуры\course_work_pdsd\course_work_pdsd\x64\debug\class_set.obj
d:\динамические структуры\course_work_pdsd\course_work_pdsd\x64\debug\bitset.obj
d:\динамические структуры\course_work_pdsd\x64\debug\course_work_pdsd.pdb
d:\динамические структуры\course_work_pdsd\course_work_pdsd\x64\debug\course_work_pdsd.tlog\cl.command.1.tlog
d:\динамические структуры\course_work_pdsd\course_work_pdsd\x64\debug\course_work_pdsd.tlog\cl.read.1.tlog
d:\динамические структуры\course_work_pdsd\course_work_pdsd\x64\debug\course_work_pdsd.tlog\cl.write.1.tlog
d:\динамические структуры\course_work_pdsd\course_work_pdsd\x64\debug\course_work_pdsd.tlog\link-cvtres.read.1.tlog
d:\динамические структуры\course_work_pdsd\course_work_pdsd\x64\debug\course_work_pdsd.tlog\link-cvtres.write.1.tlog
d:\динамические структуры\course_work_pdsd\course_work_pdsd\x64\debug\course_work_pdsd.tlog\link-rc.read.1.tlog
d:\динамические структуры\course_work_pdsd\course_work_pdsd\x64\debug\course_work_pdsd.tlog\link-rc.write.1.tlog
d:\динамические структуры\course_work_pdsd\course_work_pdsd\x64\debug\course_work_pdsd.tlog\link.17440-cvtres.read.1.tlog
d:\динамические структуры\course_work_pdsd\course_work_pdsd\x64\debug\course_work_pdsd.tlog\link.17440-cvtres.write.1.tlog
d:\динамические структуры\course_work_pdsd\course_work_pdsd\x64\debug\course_work_pdsd.tlog\link.17440-rc.read.1.tlog
d:\динамические структуры\course_work_pdsd\course_work_pdsd\x64\debug\course_work_pdsd.tlog\link.17440-rc.write.1.tlog
d:\динамические структуры\course_work_pdsd\course_work_pdsd\x64\debug\course_work_pdsd.tlog\link.17440.read.1.tlog
d:\динамические структуры\course_work_pdsd\course_work_pdsd\x64\debug\course_work_pdsd.tlog\link.17440.read.2.tlog
d:\динамические структуры\course_work_pdsd\course_work_pdsd\x64\debug\course_work_pdsd.tlog\link.17440.write.1.tlog
d:\динамические структуры\course_work_pdsd\course_work_pdsd\x64\debug\course_work_pdsd.tlog\link.command.1.tlog
d:\динамические структуры\course_work_pdsd\course_work_pdsd\x64\debug\course_work_pdsd.tlog\link.read.1.tlog
d:\динамические структуры\course_work_pdsd\course_work_pdsd\x64\debug\course_work_pdsd.tlog\link.read.2.tlog
d:\динамические структуры\course_work_pdsd\course_work_pdsd\x64\debug\course_work_pdsd.tlog\link.write.1.tlog
